[35m[1mScanning dependencies of target rviz_embedded_example[0m
[ 50%] [32mBuilding CXX object CMakeFiles/rviz_embedded_example.dir/src/main.cpp.o[0m
[01m[K/home/fu/workspaces/knob_kuka_ws/src/rviz_embedded_example/src/main.cpp:[m[K In function â€˜[01m[Kint main(int, char**)[m[Kâ€™:
[01m[K/home/fu/workspaces/knob_kuka_ws/src/rviz_embedded_example/src/main.cpp:7:10:[m[K [01;31m[Kerror: [m[Kâ€˜[01m[Kinit[m[Kâ€™ is not a member of â€˜[01m[Kros[m[Kâ€™
    7 |     ros::[01;31m[Kinit[m[K(argc, argv, "rviz_embedded_example");
      |          [01;31m[K^~~~[m[K
[01m[K/home/fu/workspaces/knob_kuka_ws/src/rviz_embedded_example/src/main.cpp:15:16:[m[K [01;31m[Kerror: [m[Kâ€˜[01m[Kclass rviz::VisualizationFrame[m[Kâ€™ has no member named â€˜[01m[KsetFixedFrame[m[Kâ€™; did you mean â€˜[01m[KsetFixedSize[m[Kâ€™?
   15 |     main_frame.[01;31m[KsetFixedFrame[m[K("world");
      |                [01;31m[K^~~~~~~~~~~~~[m[K
      |                [32m[KsetFixedSize[m[K
make[2]: *** [CMakeFiles/rviz_embedded_example.dir/build.make:63: CMakeFiles/rviz_embedded_example.dir/src/main.cpp.o] Error 1
make[1]: *** [CMakeFiles/Makefile2:345: CMakeFiles/rviz_embedded_example.dir/all] Error 2
make: *** [Makefile:141: all] Error 2
